[    0.000000] Linux version 4.15.0-74-generic (buildd@lcy01-amd64-022) (gcc version 7.4.0 (Ubuntu 7.4.0-1ubuntu1~18.04.1)) #84-Ubuntu SMP Thu Dec 19 08:06:28 UTC 2019 (Ubuntu 4.15.0-74.84-generic 4.15.18)
[    0.000000] Command line: BOOT_IMAGE=/boot/vmlinuz-4.15.0-74-generic root=LABEL=cloudimg-rootfs ro console=tty1 console=ttyS0
[    0.000000] KERNEL supported cpus:
[    0.000000]   Intel GenuineIntel
[    0.000000]   AMD AuthenticAMD
[    0.000000]   Centaur CentaurHauls
[    0.000000] x86/fpu: Supporting XSAVE feature 0x001: 'x87 floating point registers'
[    0.000000] x86/fpu: Supporting XSAVE feature 0x002: 'SSE registers'
[    0.000000] x86/fpu: Supporting XSAVE feature 0x004: 'AVX registers'
[    0.000000] x86/fpu: xstate_offset[2]:  576, xstate_sizes[2]:  256
[    0.000000] x86/fpu: Enabled xstate features 0x7, context size is 832 bytes, using 'standard' format.
[    0.000000] e820: BIOS-provided physical RAM map:
[    0.000000] BIOS-e820: [mem 0x0000000000000000-0x000000000009fbff] usable
[    0.000000] BIOS-e820: [mem 0x000000000009fc00-0x000000000009ffff] reserved
[    0.000000] BIOS-e820: [mem 0x00000000000f0000-0x00000000000fffff] reserved
[    0.000000] BIOS-e820: [mem 0x0000000000100000-0x000000003ffeffff] usable
[    0.000000] BIOS-e820: [mem 0x000000003fff0000-0x000000003fffffff] ACPI data
[    0.000000] BIOS-e820: [mem 0x00000000fec00000-0x00000000fec00fff] reserved
[    0.000000] BIOS-e820: [mem 0x00000000fee00000-0x00000000fee00fff] reserved
[    0.000000] BIOS-e820: [mem 0x00000000fffc0000-0x00000000ffffffff] reserved
[    0.000000] NX (Execute Disable) protection: active
[    0.000000] SMBIOS 2.5 present.
[    0.000000] DMI: innotek GmbH VirtualBox/VirtualBox, BIOS VirtualBox 12/01/2006
[    0.000000] Hypervisor detected: KVM
[    0.000000] e820: last_pfn = 0x3fff0 max_arch_pfn = 0x400000000
[    0.000000] MTRR: Disabled
[    0.000000] x86/PAT: MTRRs disabled, skipping PAT initialization too.
[    0.000000] CPU MTRRs all blank - virtualized system.
[    0.000000] x86/PAT: Configuration [0-7]: WB  WT  UC- UC  WB  WT  UC- UC  
[    0.000000] found SMP MP-table at [mem 0x0009fff0-0x0009ffff]
[    0.000000] Scanning 1 areas for low memory corruption
[    0.000000] RAMDISK: [mem 0x35a71000-0x36d2ffff]
[    0.000000] ACPI: Early table checksum verification disabled
[    0.000000] ACPI: RSDP 0x00000000000E0000 000024 (v02 VBOX  )
[    0.000000] ACPI: XSDT 0x000000003FFF0030 00003C (v01 VBOX   VBOXXSDT 00000001 ASL  00000061)
[    0.000000] ACPI: FACP 0x000000003FFF00F0 0000F4 (v04 VBOX   VBOXFACP 00000001 ASL  00000061)
[    0.000000] ACPI: DSDT 0x000000003FFF0470 0021FF (v02 VBOX   VBOXBIOS 00000002 INTL 20180105)
[    0.000000] ACPI: FACS 0x000000003FFF0200 000040
[    0.000000] ACPI: FACS 0x000000003FFF0200 000040
[    0.000000] ACPI: APIC 0x000000003FFF0240 00005C (v02 VBOX   VBOXAPIC 00000001 ASL  00000061)
[    0.000000] ACPI: SSDT 0x000000003FFF02A0 0001CC (v01 VBOX   VBOXCPUT 00000002 INTL 20180105)
[    0.000000] No NUMA configuration found
[    0.000000] Faking a node at [mem 0x0000000000000000-0x000000003ffeffff]
[    0.000000] NODE_DATA(0) allocated [mem 0x3ffc5000-0x3ffeffff]
[    0.000000] kvm-clock: cpu 0, msr 0:3ff44001, primary cpu clock
[    0.000000] kvm-clock: Using msrs 4b564d01 and 4b564d00
[    0.000000] kvm-clock: using sched offset of 5258475892 cycles
[    0.000000] clocksource: kvm-clock: mask: 0xffffffffffffffff max_cycles: 0x1cd42e4dffb, max_idle_ns: 881590591483 ns
[    0.000000] Zone ranges:
[    0.000000]   DMA      [mem 0x0000000000001000-0x0000000000ffffff]
[    0.000000]   DMA32    [mem 0x0000000001000000-0x000000003ffeffff]
[    0.000000]   Normal   empty
[    0.000000]   Device   empty
[    0.000000] Movable zone start for each node
[    0.000000] Early memory node ranges
[    0.000000]   node   0: [mem 0x0000000000001000-0x000000000009efff]
[    0.000000]   node   0: [mem 0x0000000000100000-0x000000003ffeffff]
[    0.000000] Reserved but unavailable: 98 pages
[    0.000000] Initmem setup node 0 [mem 0x0000000000001000-0x000000003ffeffff]
[    0.000000] ACPI: PM-Timer IO Port: 0x4008
[    0.000000] IOAPIC[0]: apic_id 2, version 32, address 0xfec00000, GSI 0-23
[    0.000000] ACPI: INT_SRC_OVR (bus 0 bus_irq 0 global_irq 2 dfl dfl)
[    0.000000] ACPI: INT_SRC_OVR (bus 0 bus_irq 9 global_irq 9 low level)
[    0.000000] Using ACPI (MADT) for SMP configuration information
[    0.000000] smpboot: Allowing 2 CPUs, 0 hotplug CPUs
[    0.000000] PM: Registered nosave memory: [mem 0x00000000-0x00000fff]
[    0.000000] PM: Registered nosave memory: [mem 0x0009f000-0x0009ffff]
[    0.000000] PM: Registered nosave memory: [mem 0x000a0000-0x000effff]
[    0.000000] PM: Registered nosave memory: [mem 0x000f0000-0x000fffff]
[    0.000000] e820: [mem 0x40000000-0xfebfffff] available for PCI devices
[    0.000000] Booting paravirtualized kernel on KVM
[    0.000000] clocksource: refined-jiffies: mask: 0xffffffff max_cycles: 0xffffffff, max_idle_ns: 7645519600211568 ns
[    0.000000] random: get_random_bytes called from start_kernel+0x99/0x4fd with crng_init=0
[    0.000000] setup_percpu: NR_CPUS:8192 nr_cpumask_bits:2 nr_cpu_ids:2 nr_node_ids:1
[    0.000000] percpu: Embedded 45 pages/cpu s147456 r8192 d28672 u1048576
[    0.000000] PV qspinlock hash table entries: 256 (order: 0, 4096 bytes)
[    0.000000] Built 1 zonelists, mobility grouping on.  Total pages: 257913
[    0.000000] Policy zone: DMA32
[    0.000000] Kernel command line: BOOT_IMAGE=/boot/vmlinuz-4.15.0-74-generic root=LABEL=cloudimg-rootfs ro console=tty1 console=ttyS0
[    0.000000] Memory: 983084K/1048120K available (12300K kernel code, 2481K rwdata, 4260K rodata, 2428K init, 2704K bss, 65036K reserved, 0K cma-reserved)
[    0.000000] SLUB: HWalign=64, Order=0-3, MinObjects=0, CPUs=2, Nodes=1
[    0.000000] Kernel/User page tables isolation: enabled
[    0.000000] ftrace: allocating 39322 entries in 154 pages
[    0.004000] Hierarchical RCU implementation.
[    0.004000] 	RCU restricting CPUs from NR_CPUS=8192 to nr_cpu_ids=2.
[    0.004000] 	Tasks RCU enabled.
[    0.004000] RCU: Adjusting geometry for rcu_fanout_leaf=16, nr_cpu_ids=2
[    0.004000] NR_IRQS: 524544, nr_irqs: 440, preallocated irqs: 16
[    0.004000] Console: colour VGA+ 80x25
[    0.004000] console [tty1] enabled
[    0.004000] console [ttyS0] enabled
[    0.004000] ACPI: Core revision 20170831
[    0.004000] ACPI: 2 ACPI AML tables successfully acquired and loaded
[    0.004000] APIC: Switch to symmetric I/O mode setup
[    0.004000] x2apic enabled
[    0.004000] Switched APIC routing to physical x2apic.
[    0.005855] ..TIMER: vector=0x30 apic1=0 pin1=2 apic2=-1 pin2=-1
[    0.008005] tsc: Detected 1799.998 MHz processor
[    0.012020] Calibrating delay loop (skipped) preset value.. 3599.99 BogoMIPS (lpj=7199992)
[    0.014351] pid_max: default: 32768 minimum: 301
[    0.016060] Security Framework initialized
[    0.017233] Yama: becoming mindful.
[    0.018278] AppArmor: AppArmor initialized
[    0.021206] Dentry cache hash table entries: 131072 (order: 8, 1048576 bytes)
[    0.023268] Inode-cache hash table entries: 65536 (order: 7, 524288 bytes)
[    0.024022] Mount-cache hash table entries: 2048 (order: 2, 16384 bytes)
[    0.025844] Mountpoint-cache hash table entries: 2048 (order: 2, 16384 bytes)
[    0.028421] Last level iTLB entries: 4KB 64, 2MB 8, 4MB 8
[    0.029906] Last level dTLB entries: 4KB 64, 2MB 0, 4MB 0, 1GB 4
[    0.032004] Spectre V1 : Mitigation: usercopy/swapgs barriers and __user pointer sanitization
[    0.036008] Spectre V2 : Mitigation: Full generic retpoline
[    0.040007] Spectre V2 : Spectre v2 / SpectreRSB mitigation: Filling RSB on context switch
[    0.044010] Speculative Store Bypass: Vulnerable
[    0.046159] MDS: Mitigation: Clear CPU buffers
[    0.048309] Freeing SMP alternatives memory: 36K
[    0.165729] smpboot: CPU0: Intel(R) Core(TM) i5-8250U CPU @ 1.60GHz (family: 0x6, model: 0x8e, stepping: 0xa)
[    0.168142] Performance Events: unsupported p6 CPU model 142 no PMU driver, software events only.
[    0.170790] Hierarchical SRCU implementation.
[    0.173058] NMI watchdog: Perf event create on CPU 0 failed with -2
[    0.176020] NMI watchdog: Perf NMI watchdog permanently disabled
[    0.180114] smp: Bringing up secondary CPUs ...
[    0.184160] x86: Booting SMP configuration:
[    0.188005] .... node  #0, CPUs:      #1
[    0.004000] kvm-clock: cpu 1, msr 0:3ff44041, secondary cpu clock
[    0.192181] smp: Brought up 1 node, 2 CPUs
[    0.193303] smpboot: Max logical packages: 1
[    0.196011] smpboot: Total of 2 processors activated (7199.99 BogoMIPS)
[    0.198092] devtmpfs: initialized
[    0.198092] x86/mm: Memory block size: 128MB
[    0.200245] evm: security.selinux
[    0.201595] evm: security.SMACK64
[    0.202846] evm: security.SMACK64EXEC
[    0.204009] evm: security.SMACK64TRANSMUTE
[    0.205522] evm: security.SMACK64MMAP
[    0.208006] evm: security.apparmor
[    0.209271] evm: security.ima
[    0.210418] evm: security.capability
[    0.212179] clocksource: jiffies: mask: 0xffffffff max_cycles: 0xffffffff, max_idle_ns: 7645041785100000 ns
[    0.216037] futex hash table entries: 512 (order: 3, 32768 bytes)
[    0.218799] pinctrl core: initialized pinctrl subsystem
[    0.220181] RTC time:  9:20:08, date: 01/25/20
[    0.221754] NET: Registered protocol family 16
[    0.224127] audit: initializing netlink subsys (disabled)
[    0.225669] audit: type=2000 audit(1579944015.132:1): state=initialized audit_enabled=0 res=1
[    0.228020] cpuidle: using governor ladder
[    0.229438] cpuidle: using governor menu
[    0.232000] ACPI: bus type PCI registered
[    0.232007] acpiphp: ACPI Hot Plug PCI Controller Driver version: 0.5
[    0.236164] PCI: Using configuration type 1 for base access
[    0.241282] HugeTLB registered 2.00 MiB page size, pre-allocated 0 pages
[    0.244188] ACPI: Added _OSI(Module Device)
[    0.248018] ACPI: Added _OSI(Processor Device)
[    0.252004] ACPI: Added _OSI(3.0 _SCP Extensions)
[    0.253329] ACPI: Added _OSI(Processor Aggregator Device)
[    0.254949] ACPI: Added _OSI(Linux-Dell-Video)
[    0.256005] ACPI: Added _OSI(Linux-Lenovo-NV-HDMI-Audio)
[    0.257513] ACPI: Added _OSI(Linux-HPI-Hybrid-Graphics)
[    0.259524] ACPI: Executed 1 blocks of module-level executable AML code
[    0.267419] ACPI: Interpreter enabled
[    0.268024] ACPI: (supports S0 S5)
[    0.270234] ACPI: Using IOAPIC for interrupt routing
[    0.272430] PCI: Using host bridge windows from ACPI; if necessary, use "pci=nocrs" and report a bug
[    0.276337] ACPI: Enabled 2 GPEs in block 00 to 07
[    0.289437] ACPI: PCI Root Bridge [PCI0] (domain 0000 [bus 00-ff])
[    0.292024] acpi PNP0A03:00: _OSC: OS supports [ASPM ClockPM Segments MSI]
[    0.293999] acpi PNP0A03:00: _OSC: not requesting OS control; OS requires [ExtendedConfig ASPM ClockPM MSI]
[    0.296035] acpi PNP0A03:00: fail to add MMCONFIG information, can't access extended PCI configuration space under this bridge.
[    0.300631] PCI host bridge to bus 0000:00
[    0.301837] pci_bus 0000:00: root bus resource [io  0x0000-0x0cf7 window]
[    0.304006] pci_bus 0000:00: root bus resource [io  0x0d00-0xffff window]
[    0.305957] pci_bus 0000:00: root bus resource [mem 0x000a0000-0x000bffff window]
[    0.308005] pci_bus 0000:00: root bus resource [mem 0x40000000-0xfdffffff window]
[    0.310160] pci_bus 0000:00: root bus resource [bus 00-ff]
[    0.315078] pci 0000:00:01.1: legacy IDE quirk: reg 0x10: [io  0x01f0-0x01f7]
[    0.316009] pci 0000:00:01.1: legacy IDE quirk: reg 0x14: [io  0x03f6]
[    0.317869] pci 0000:00:01.1: legacy IDE quirk: reg 0x18: [io  0x0170-0x0177]
[    0.320005] pci 0000:00:01.1: legacy IDE quirk: reg 0x1c: [io  0x0376]
[    0.346591] pci 0000:00:07.0: quirk: [io  0x4000-0x403f] claimed by PIIX4 ACPI
[    0.348035] pci 0000:00:07.0: quirk: [io  0x4100-0x410f] claimed by PIIX4 SMB
[    0.358975] ACPI: PCI Interrupt Link [LNKA] (IRQs 5 9 10 *11)
[    0.360976] ACPI: PCI Interrupt Link [LNKB] (IRQs 5 9 *10 11)
[    0.364391] ACPI: PCI Interrupt Link [LNKC] (IRQs 5 *9 10 11)
[    0.368387] ACPI: PCI Interrupt Link [LNKD] (IRQs 5 9 10 *11)
[    0.372664] SCSI subsystem initialized
[    0.374407] pci 0000:00:02.0: vgaarb: setting as boot VGA device
[    0.376000] pci 0000:00:02.0: vgaarb: VGA device added: decodes=io+mem,owns=io+mem,locks=none
[    0.376021] pci 0000:00:02.0: vgaarb: bridge control possible
[    0.380013] vgaarb: loaded
[    0.381380] ACPI: bus type USB registered
[    0.384089] usbcore: registered new interface driver usbfs
[    0.388058] usbcore: registered new interface driver hub
[    0.392093] usbcore: registered new device driver usb
[    0.396171] EDAC MC: Ver: 3.0.0
[    0.400280] PCI: Using ACPI for IRQ routing
[    0.404568] NetLabel: Initializing
[    0.405854] NetLabel:  domain hash size = 128
[    0.408012] NetLabel:  protocols = UNLABELED CIPSOv4 CALIPSO
[    0.412068] NetLabel:  unlabeled traffic allowed by default
[    0.414385] clocksource: Switched to clocksource kvm-clock
[    0.434758] VFS: Disk quotas dquot_6.6.0
[    0.454861] VFS: Dquot-cache hash table entries: 512 (order 0, 4096 bytes)
[    0.457791] AppArmor: AppArmor Filesystem Enabled
[    0.459753] pnp: PnP ACI it
[  0054]npPnP ACPI: found 3 devices
[    0.998583] clocksource: acpi_pm: msk0xffff max_cycles: 0xffffff, max_idle_ns: 2085701024 ns
[    1.284495] NET: Registered protocol family 2
[    1.286192] TCP established hash table entries: 8192 (order: 4, 65536 bytes)
[    1.309001] TCP bind hash table entries: 8192 (order: 5, 131072 bytes)
[    1.311810] TCP: astaesongud stlihe812 bind 8192)
[    1.976565] UDP hash table entries: 512 (order: 2, 16384 bytes)
[    2.043279] UDP-Lite hash table entries: 512 (order: 2, 16384 bytes)
[    2.045905] NET: Registered protocol family 1
[    2.047680] pc 00::00:imindictCICIrafe
   2.896501] pci 0000:00:01.0: Activating ISA DMA hang workarounds
[    3.035503] pci 0000:00:02.0: Video device with shadowed ROM at [mem 0x000c0000-0x000dffff]
[    3.039054] Unpacking initramfs...
[    3.556232] Freeing initrd memory: 19196K
[    3.609920] clocksource: tsc: mask: 0xffffffffffffffff max_cycles: 0x19f227af07c, max_idle_ns: 440795246167 ns
[    3.613006] platform rtc_cmos: registered platform RTC device (no PNP device found)
[    3.615229] Scanning for low memory corruption every 60 seconds
[    3.618072] Initialise system trusted keyrings
[    3.619440] Key type blacklist registered
[    3.620815] workingset: timestamp_bits=36 max_order=18 bucket_order=0
[    3.624320] zbud: loaded
[    3.626117] squashfs: version 4.0 (2009/01/31) Phillip Lougher
[    3.628249] fuse init (API version 7.26)
[    3.633620] Key type asymmetric registered
[    3.634899] Asymmetric key parser 'x509' registered
[    3.636419] Block layer SCSI generic (bsg) driver version 0.4 loaded (major 246)
[    3.640660] io scheduler noop registered
[    3.641872] io scheduler deadline registered
[    3.643206] io scheduler cfq registered (default)
[    3.645106] ACPI: AC Adapter [AC] (off-line)
[    3.646449] input: Power Button as /devices/LNXSYSTM:00/LNXPWRBN:00/input/input0
[    3.648806] ACPI: Power Button [PWRF]
[    3.650028] input: Sleep Button as /devices/LNXSYSTM:00/LNXSLPBN:00/input/input1
[    3.652183] ACPI: Sleep Button [SLPF]
[    3.653947] Serial: 8250/16550 driver, 32 ports, IRQ sharing enabled
[    3.655161] ACPI: Battery Slot [BAT0] (battery present)
[    3.680834] 00:02: ttyS0 at I/O 0x3f8 (irq = 4, base_baud = 115200) is a 16550A
[    3.693500] Linux agpgart interface v0.103
[    3.702160] loop: module loaded
[    3.704133] scsi host0: ata_piix
[    3.705682] scsi host1: ata_piix
[    3.706783] ata1: PATA max UDMA/33 cmd 0x1f0 ctl 0x3f6 bmdma 0xd000 irq 14
[    3.708819] ata2: PATA max UDMA/33 cmd 0x170 ctl 0x376 bmdma 0xd008 irq 15
[    3.711236] libphy: Fixed MDIO Bus: probed
[    3.712556] tun: Universal TUN/TAP device driver, 1.6
[    3.714094] PPP generic driver version 2.4.2
[    3.715442] ehci_hcd: USB 2.0 'Enhanced' Host Controller (EHCI) Driver
[    3.717302] ehci-pci: EHCI PCI platform driver
[    3.718646] ehci-platform: EHCI generic platform driver
[    3.720183] ohci_hcd: USB 1.1 'Open' Host Controller (OHCI) Driver
[    3.724301] ohci-pci: OHCI PCI platform driver
[    3.731126] ohci-platform: OHCI generic platform driver
[    3.732874] uhci_hcd: USB Universal Host Controller Interface driver
[    3.734854] i8042: PNP: PS/2 Controller [PNP0303:PS2K,PNP0f03:PS2M] at 0x60,0x64 irq 1,12
[    3.737936] serio: i8042 KBD port at 0x60,0x64 irq 1
[    3.739473] serio: i8042 AUX port at 0x60,0x64 irq 12
[    3.741167] mousedev: PS/2 mouse device common for all mice
[    3.743626] rtc_cmos rtc_cmos: rtc core: registered rtc_cmos as rtc0
[    3.745599] input: AT Translated Set 2 keyboard as /devices/platform/i8042/serio0/input/input2
[    3.748206] rtc_cmos rtc_cmos: alarms up to one day, 114 bytes nvram
[    3.750171] i2c /dev entries driver
[    3.751499] device-mapper: uevent: version 1.0.3
[    3.753207] device-mapper: ioctl: 4.37.0-ioctl (2017-09-20) initialised: dm-devel@redhat.com
[    3.755991] ledtrig-cpu: registered to indicate activity on CPUs
[    3.758671] NET: Registered protocol family 10
[    3.766355] Segment Routing with IPv6
[    3.767805] NET: Registered protocol family 17
[    3.793172] Key type dns_resolver registered
[    3.823898] mce: Using 0 MCE banks
[    3.825063] RAS: Correctable Errors collector initialized.
[    3.826727] sched_clock: Marking stable (3825020607, 0)->(4581188770, -756168163)
[    3.829712] registered taskstats version 1
[    3.831054] Loading compiled-in X.509 certificates
[    3.836992] Loaded X.509 cert 'Build time autogenerated kernel key: 62d24f9c726e026b112735485dad6e6e4b50c923'
[    3.840141] zswap: loaded using pool lzo/zbud
[    3.848324] Key type big_key registered
[    4.122750] Key type trusted registered
[    4.136942] Key type encrypted registered
[    4.138211] AppArmor: AppArmor sha1 policy hashing enabled
[    4.139747] ima: No TPM chip found, activating TPM-bypass! (rc=-19)
[    4.143783] ima: Allocated hash algorithm: sha1
[    4.145613] evm: HMAC attrs: 0x1
[    4.147168]   Magic number: 4:73:324
[    4.148598] tty tty49: hash matches
[    4.149913] acpi PNP0B00:00: hash matches
[    4.151552] rtc_cmos rtc_cmos: setting system clock to 2020-01-25 09:20:13 UTC (1579944013)
[    4.174895] BIOS EDD facility v0.16 2004-Jun-25, 0 devices found
[    4.224722] EDD information not available.
[    4.232188] Freeing unused kernel image memory: 2428K
[    4.260121] Write protecting the kernel read-only data: 20480k
[    4.294863] Freeing unused kernel image memory: 2008K
[    4.324796] Freeing unused kernel image memory: 1884K
[    4.358743] x86/mm: Checked W+X mappings: passed, no W+X pages found.
[    4.384440] x86/mm: Checking user space page tables
[    4.398457] x86/mm: Checked W+X mappings: passed, no W+X pages found.
Loading, please wait...
starting version 237
[    4.675595] Fusion MPT base driver 3.04.20
[    4.717209] Copyright (c) 1999-2008 LSI Corporation
[    4.719130] e1000: Intel(R) PRO/1000 Network Driver - version 7.3.21-k8-NAPI
[    4.721239] e1000: Copyright (c) 1999-2006 Intel Corporation.
[    4.762417] Fusion MPT SPI Host driver 3.04.20
[    4.792249] AVX2 version of gcm_enc/dec engaged.
[    4.801095] AES CTR mode by8 optimization enabled
[    4.878205] input: ImExPS/2 Generic Explorer Mouse as /devices/platform/i8042/serio1/input/input4
[    5.175103] e1000 0000:00:03.0 eth0: (PCI:33MHz:32-bit) 02:6d:68:ec:b8:1e
[    5.177626] e1000 0000:00:03.0 eth0: Intel(R) PRO/1000 Network Connection
[    5.181742] mptbase: ioc0: Initiating bringup
[    5.184550] e1000 0000:00:03.0 enp0s3: renamed from eth0
[    5.277001] ioc0: LSI53C1030 A0: Capabilities={Initiator}
[    5.595828] scsi host2: ioc0: LSI53C1030 A0, FwRev=00000000h, Ports=1, MaxQ=256, IRQ=20
[    5.801790] scsi 2:0:0:0: Direct-Access     VBOX     HARDDISK         1.0  PQ: 0 ANSI: 5
[    6.405890] scsi target2:0:0: Beginning Domain Validation
[    6.466133] scsi target2:0:0: Domain Validation skipping write tests
[    6.467944] scsi target2:0:0: Ending Domain Validation
[    6.469515] scsi target2:0:0: asynchronous
[    6.471149] scsi 2:0:1:0: Direct-Access     VBOX     HARDDISK         1.0  PQ: 0 ANSI: 5
[    6.642413] scsi target2:0:1: Beginning Domain Validation
[    6.656998] random: fast init done
[    6.667314] scsi target2:0:1: Domain Validation skipping write tests
[    6.671084] scsi target2:0:1: Ending Domain Validation
[    6.675385] scsi target2:0:1: asynchronous
[    6.682140] random: systemd-udevd: uninitialized urandom read (16 bytes read)
[    6.756019] sd 2:0:0:0: Attached scsi generic sg0 type 0
[    6.764194] random: systemd-udevd: uninitialized urandom read (16 bytes read)
[    6.766484] sd 2:0:1:0: Attached scsi generic sg1 type 0
[    6.767991] random: systemd-udevd: uninitialized urandom read (16 bytes read)
[    6.810554] sd 2:0:0:0: [sda] 20971520 512-byte logical blocks: (10.7 GB/10.0 GiB)
[    6.822580] sd 2:0:1:0: [sdb] 20480 512-byte logical blocks: (10.5 MB/10.0 MiB)
[    6.825095] sd 2:0:1:0: [sdb] Write Protect is off
[    6.826564] sd 2:0:0:0: [sda] Write Protect is off
[    6.828278] sd 2:0:1:0: [sdb] Incomplete mode parameter data
[    6.830157] sd 2:0:1:0: [sdb] Assuming drive cache: write through
[    6.832279] sd 2:0:0:0: [sda] Incomplete mode parameter data
[    6.833952] sd 2:0:0:0: [sda] Assuming drive cache: write through
[    6.847160]  sda: sda1
[    6.905914] sd 2:0:0:0: [sda] Attached SCSI disk
[    6.910203] sd 2:0:1:0: [sdb] Attached SCSI disk
Begin: Loading essential drivers ... [    8.800810] raid6: sse2x1   gen()  5198 MB/s
[    8.892162] raid6: sse2x1   xor()  3714 MB/s
[    9.304248] raid6: sse2x2   gen()  6479 MB/s
[    9.464430] raid6: sse2x2   xor()  4519 MB/s
[    9.512024] raid6: sse2x4   gen()  7717 MB/s
[    9.560312] raid6: sse2x4   xor()  5053 MB/s
[    9.612153] raid6: avx2x1   gen() 11824 MB/s
[    9.660795] raid6: avx2x1   xor()  7643 MB/s
[    9.812167] raid6: avx2x2   gen() 13409 MB/s
[    9.882136] raid6: avx2x2   xor()  8477 MB/s
[    9.952163] raid6: avx2x4   gen() 16157 MB/s
[   10.012190] raid6: avx2x4   xor()  7869 MB/s
[   10.143587] raid6: using algorithm avx2x4 gen() 16157 MB/s
[   10.145602] raid6: .... xor() 7869 MB/s, rmw enabled
[   10.203502] raid6: using avx2x2 recovery algorithm
[   10.207581] xor: automatically using best checksumming function   avx       
[   10.224486] async_tx: api initialized (async)
done.
Begin: Running /scripts/init-premount ... done.
Begin: Mounting root file system ... Begin: Running /scripts/local-top ... done.
Begin: Running /scripts/local-premount ... [   10.318961] Btrfs loaded, crc32c=crc32c-intel
Scanning for Btrfs filesystems
done.
Warning: fsck not present, so skipping root file[   10.419103] EXT4-fs (sda1): mounted filesystem with ordered data mode. Opts: (null)
 system
done.
Begin: Running /scripts/local-bottom ... done.
Begin: Running /scripts/init-bottom ... done.
[   11.268548] ip_tables: (C) 2000-2006 Netfilter Core Team
[   11.783531] systemd[1]: systemd 237 running in system mode. (+PAM +AUDIT +SELINUX +IMA +APPARMOR +SMACK +SYSVINIT +UTMP +LIBCRYPTSETUP +GCRYPT +GNUTLS +ACL +XZ +LZ4 +SECCOMP +BLKID +ELFUTILS +KMOD -IDN2 +IDN -PCRE2 default-hierarchy=hybrid)
[   11.857621] systemd[1]: Detected virtualization oracle.
[   11.859098] systemd[1]: Detected architecture x86-64.

Welcome to [1mUbuntu 18.04.3 LTS[0m!

[   11.889811] systemd[1]: Set hostname to <ubuntu>.
[   11.930177] systemd[1]: Initializing machine ID from random generator.
[   12.064404] systemd[1]: Installed transient /etc/machine-id file.
[   13.445221] systemd[1]: Set up automount Arbitrary Executable File Formats File System Automount Point.
[[0;32m  OK  [0m] Set up automount Arbitrary Executab…rmats File System Automount Point.
[   13.528993] systemd[1]: Reached target System Time Synchronized.
[[0;32m  OK  [0m] Reached target System Time Synchronized.
[   13.533435] systemd[1]: Reached target User and Group Name Lookups.
[[0;32m  OK  [0m] Reached target User and Group Name Lookups.
[   13.541593] systemd[1]: Created slice User and Session Slice.
[[0;32m  OK  [0m] Created slice User and Session Slice.
[[0;32m  OK  [0m] [   13.549401] random: crng init done
[   13.550698] random: 7 urandom warning(s) missed due to ratelimiting
Created slice System Slice.
[[0;32m  OK  [0m] Listening on udev Control Socket.
[[0;32m  OK  [0m] Listening on Device-mapper event daemon FIFOs.
[[0;32m  OK  [0m] Listening on Network Service Netlink Socket.
[[0;32m  OK  [0m] Listening on Journal Socket.
         Mounting POSIX Message Queue File System...
[[0;32m  OK  [0m] Listening on LVM2 metadata daemon socket.
[[0;32m  OK  [0m] Reached target Slices.
         Starting Remount[   13.646659] EXT4-fs (sda1): re-mounted. Opts: (null)
 Root and Kernel File Systems...
         Starting Create list of required st…ce nodes for the current kernel...
         Starting Set the console keyboard layout...
[[0;32m  OK  [0m] Created slice system-serial\x2dgetty.slice.
[[0;32m  OK  [0m] Listening on LVM2 poll daemon socket.
         Mounting Kernel Debug File System...
[[0;32m  OK  [0m] Reached target Swap.
[[0;32m  OK  [0m] Listening on Syslog Socket.
         Starting Monitoring of LVM2 mirrors…ng dmeventd or progress polling...
         Starting Uncomplicated firewall...
[[0;32m  OK  [0m] Started Forward Password Requests to Wall Directory Watch.
[[0;32m  OK  [0m] Listening on udev Kernel Socket.
[[0;32m  OK  [0m] Listening on Journal Socket (/dev/log).
         Mounting Huge Pages File System...
         Starting udev Coldplug all Devices...
[[0;32m  OK  [0m] Listening on Journal Audit Socket.
         Starting Journal Service...
[[0;32m  OK  [0m] Listening on /dev/initctl Compatibility Named Pipe.
         Starting Load Kernel Modules...
[[0;32m  OK  [0m] Mounted POSIX Message Queue File System.
[[0;32m  OK  [0m] Started Remount Root and Kernel File Systems.
[[0;32m  OK  [0m] Started Create list of required sta…vice nodes for the current kernel.
[[0;32m  OK  [0m] Mounted Kernel Debug File System.
[[0;32m  OK  [0m] Started Uncomplicated firewall.
[[0;32m  OK  [0m] Mounted Huge Pages File System.
         Starting Create Static Device Nodes in /dev...
         Starting Load/Save Random Seed...
[[0;32m  OK  [0m] Started Journal Service.
[[0;32m  OK  [0m] Started udev Coldplug all Devices.
         Starting Flush Journal to Persistent Storage...
[   14.260229] Loading iSCSI transport class v2.0-870.
[[0;32m  OK  [0m] Started Load/Save Random Seed.
[   14.306957] systemd-journald[405]: Received request to flush runtime journal from PID 1
[[0;32m  OK  [0m] Started LVM2 metadata daemon.
[   14.429850] iscsi: registered transport (tcp)
[[0;32m  OK  [0m] Started Create Static Device Nodes in /dev.
         Starting udev Kernel Device Manager...
[[0;32m  OK  [0m] Started Flush Journal to Persistent Storage.
[[0;32m  OK  [0m] Started Monitoring of LVM2 mirrors,…sing dmeventd or progress polling.
[[0;32m  OK  [0m] Started udev Kernel Device Manager.
[   15.535308] ACPI: Video Device [GFX0] (multi-head: yes  rom: no  post: no)
[   15.544878] input: Video Bus as /devices/LNXSYSTM:00/LNXSYBUS:00/PNP0A03:00/LNXVIDEO:00/input/input5
[[0;32m  OK  [0m] Found device /dev/ttyS0.
[   15.916257] iscsi: registered transport (iser)
[[0;32m  OK  [0m] Started Load Kernel Modules.
         Starting Apply Kernel Variables...
         Mounting Kernel Configuration File System...
         Mounting FUSE Control File System...
[[0;32m  OK  [0m] Mounted Kernel Configuration File System.
[[0;32m  OK  [0m] Mounted FUSE Control File System.
[[0;32m  OK  [0m] Started Apply Kernel Variables.
[[0;32m  OK  [0m] Listening on Load/Save RF Kill Switch Status /dev/rfkill Watch.
[[0;32m  OK  [0m] Started Set the console keyboard layout.
[[0;32m  OK  [0m] Reached target Local File Systems (Pre).
[[0;32m  OK  [0m] Reached target Local File Systems.
         Starting Create Volatile Files and Directories...
         Starting AppArmor initialization...
         Starting Tell Plymouth To Write Out Runtime Data...
         Starting Set console font and keymap...
         Starting Commit a transient machine-id on disk...
         Starting ebtables ruleset management...
[[0;32m  OK  [0m] Started Dispatch Password Requests to Console Directory Watch.
[[0;32m  OK  [0m] Reached target Local Encrypted Volumes.
[[0;32m  OK  [0m] Started Set console font and keymap.
[[0;32m  OK  [0m] Started Tell Plymouth To Write Out Runtime Data.
[[0;32m  OK  [0m] Started Create Volatile Files and Directories.
         Starting Update UTMP about System Boot/Shutdown...
[[0;32m  OK  [0m] Started Update UTMP about System Boot/Shutdown.
[[0;32m  OK  [0m] Started Commit a transient machine-id on disk.
[[0;32m  OK  [0m] Started ebtables ruleset management.
[[0;32m  OK  [0m] Started AppArmor initialization.
         Starting Initial cloud-init job (pre-networking)...
[   22.452443] cloud-init[584]: Cloud-init v. 19.3-41-gc4735dd3-0ubuntu1~18.04.1 running 'init-local' at Sat, 25 Jan 2020 09:20:31 +0000. Up 21.78 seconds.
[[0;32m  OK  [0m] Started Initial cloud-init job (pre-networking).
[[0;32m  OK  [0m] Reached target Network (Pre).
         Starting Network Service...
[[0;32m  OK  [0m] Started Network Service.
         Starting Network Name Resolution...
         Starting Wait for Network to be Configured...
[[0;32m  OK  [0m] Started Network Name Resolution.
[[0;32m  OK  [0m] Reached target Network.
[[0;32m  OK  [0m] Reached target Host and Network Name Lookups.
[[0;32m  OK  [0m] Started Wait for Network to be Configured.
         Starting Initial cloud-init job (metadata service crawler)...
[   24.958981] cloud-init[693]: Cloud-init v. 19.3-41-gc4735dd3-0ubuntu1~18.04.1 running 'init' at Sat, 25 Jan 2020 09:20:34 +0000. Up 24.70 seconds.
[   24.993563] cloud-init[693]: ci-info: ++++++++++++++++++++++++++++++++++++++Net device info++++++++++++++++++++++++++++++++++++++
[   24.996937] cloud-init[693]: ci-info: +--------+------+----------------------------+---------------+--------+-------------------+
[   25.000433] cloud-init[693]: ci-info: | Device |  Up  |          Address           |      Mask     | Scope  |     Hw-Address    |
[   25.003758] cloud-init[693]: ci-info: +--------+------+----------------------------+---------------+--------+-------------------+
[   25.007148] cloud-init[693]: ci-info: | enp0s3 | True |         10.0.2.15          | 255.255.255.0 | global | 02:6d:68:ec:b8:1e |
[   25.010488] cloud-init[693]: ci-info: | enp0s3 | True | fe80::6d:68ff:feec:b81e/64 |       .       |  link  | 02:6d:68:ec:b8:1e |
[   25.013818] cloud-init[693]: ci-info: |   lo   | True |         127.0.0.1          |   255.0.0.0   |  host  |         .         |
[   25.017062] cloud-init[693]: ci-info: |   lo   | True |          ::1/128           |       .       |  host  |         .         |
[   25.020474] cloud-init[693]: ci-info: +--------+------+----------------------------+---------------+--------+-------------------+
[   25.024147] cloud-init[693]: ci-info: ++++++++++++++++++++++++++++Route IPv4 info+++++++++++++++++++++++++++++
[   25.027003] cloud-init[693]: ci-info: +-------+-------------+----------+-----------------+-----------+-------+
[   25.029864] cloud-init[693]: ci-info: | Route | Destination | Gateway  |     Genmask     | Interface | Flags |
[   25.032834] cloud-init[693]: ci-info: +-------+-------------+----------+-----------------+-----------+-------+
[   25.037447] cloud-init[693]: ci-info: |   0   |   0.0.0.0   | 10.0.2.2 |     0.0.0.0     |   enp0s3  |   UG  |
[   25.045502] cloud-init[693]: ci-info: |   1   |   10.0.2.0  | 0.0.0.0  |  255.255.255.0  |   enp0s3  |   U   |
[   25.048466] cloud-init[693]: ci-info: |   2   |   10.0.2.2  | 0.0.0.0  | 255.255.255.255 |   enp0s3  |   UH  |
[   25.051279] cloud-init[693]: ci-info: +-------+-------------+----------+-----------------+-----------+-------+
[   25.054196] cloud-init[693]: ci-info: +++++++++++++++++++Route IPv6 info+++++++++++++++++++
[   25.056630] cloud-init[693]: ci-info: +-------+-------------+---------+-----------+-------+
[   25.058993] cloud-init[693]: ci-info: | Route | Destination | Gateway | Interface | Flags |
[   25.061227] cloud-init[693]: ci-info: +-------+-------------+---------+-----------+-------+
[   25.063361] cloud-init[693]: ci-info: |   1   |  fe80::/64  |    ::   |   enp0s3  |   U   |
[   25.065446] cloud-init[693]: ci-info: |   3   |    local    |    ::   |   enp0s3  |   U   |
[   25.067534] cloud-init[693]: ci-info: |   4   |   ff00::/8  |    ::   |   enp0s3  |   U   |
[   25.069439] cloud-init[693]: ci-info: +-------+-------------+---------+-----------+-------+
[   27.147120] cloud-init[693]: Generating public/private rsa key pair.
[[0;32m  OK  [0m] Started Initial cloud-init job (metadata service crawler).
[[0;32m  OK  [0m] Reached target System Initialization.
[[0;32m  OK  [0m] Started Discard unused blocks once a week.
[   27.266550] cloud-init[693]: Your identification has been saved in /etc/ssh/ssh_host_rsa_key.
         Starting Socket activation for snappy daemon.
[   27.345281] [[0;32m  OK  [0m] Started Daily Cleanup of Temporary Directories.
[[0;32m  OK  [0m] Started Message of the Day.
[[0;32m  OK  [0m] Listening on UUID daemon activation socket.
[[0;32m  OK  [0m] Listening on ACPID Listen Socket.
cloud-init[693]: Your public key has been saved in /etc/ssh/ssh_host_rsa_key.pub.
[   27.352454] cloud-init[693]: The key fingerprint is:
[   27.352911] cloud-init[693]: SHA256:8zKRe50SGdocn/TwUeURpHcupl/IKFz3Uxv9Ch+hiM8 root@ubuntu-bionic
[   27.353401] cloud-init[693]: The key's randomart image is:
[   27.353901] cloud-init[693]: +---[RSA 2048]----+
[   27.354398] cloud-init[693]: |              .+=|
[   27.354905] cloud-init[693]: |              .o.|
[   27.355408] cloud-init[693]: |          o o...o|
         Starting LXD - unix socket.
[[0;32m  OK  [0m] Listening on D-Bus System Message Bus Socket.
[[0;32m  OK  [0m] Started Daily apt download activities.
[[0;32m  OK  [0m] Listening on Open-iSCSI iscsid Socket.
[[0;32m  OK  [0m] Started Daily apt upgrade and clean activities.
[[0;32m  OK  [0m] Reached target Timers.
[   27.355947] cloud-init[693]: |         = * =.oo|
[[0;32m  OK  [0m] Started ACPI Events Check.
[[0;32m  OK  [0m] Reached target Paths.
[[0;32m  OK  [0m] Reached target Network is Online.
[   27.374639] cloud-init[693]: |        S = + B.+|
[   27.397140] cloud-init[693]: |         B = O ==|
         Starting Availability of block devices...
[[0;32m  OK  [0m] Reached target Remote File Systems (Pre).
[[0;32m  OK  [0m] Reached target Remote File Systems.
[[0;32m  OK  [0m] Reached target Cloud-config availability.
[[0;32m  OK  [0m] Listening on Socket activation for snappy daemon.
[[0;32m  OK  [0m] Listening on LXD - unix socket.
[[0;32m  OK  [0m] Started Availability of block devices.
[[0;32m  OK  [0m] Reached target Sockets.
[[0;32m  OK  [0m] Reached target Basic System.
         Starting Permit User Sessions...
[   27.402704]          Starting System Logging Service...
cloud-init[693]: |        = B B +o+|
[   27.427358] cloud-init[693]: |         * o + +.|
[   27.429094] cloud-init[693]: |          E   +  |
[   27.430584] cloud-init[693]: +----[SHA256]-----+
         Starting Dispatcher daemon for systemd-networkd...
[   27.482000] cloud-init[693]: Generating public/private dsa key pair.[[0;32m  OK  [0m] Started D-Bus System Message Bus.

[   27.576604] cloud-init[693]: Your identification has been saved in /etc/ssh/ssh_host_dsa_key.
[   27.589229] cloud-init[693]: Your public key has been saved in /etc/ssh/ssh_host_dsa_key.pub.
[   27.632430] cloud-init[693]: The key fingerprint is:
[   27.639334] cloud-init[693]: SHA256:i2s5PRmh9uPT5xheRRnINSBAy3yKK1R4JCkstnBs2ZA root@ubuntu-bionic
[   27.642231] cloud-init[693]: The key's randomart image is:
[   27.644213] cloud-init[693]: +---[DSA 1024]----+
[   27.645973] cloud-init[693]: | o.=....o....++  |
[[0;32m  OK  [0m] Started irqbalance daemon.
[   27.677716] cloud-init[693]: |o.E o+ o . .o  + |
[   27.708399] cloud-init[693]: |o+... o + .   o  |
[   27.711171]          Starting Pollinate to seed the pseudo random number generator...
         Starting Virtualbox guest utils...
cloud-init[693]: | .   o ..o   .   |
         Starting Login Service...
[[0;32m  OK  [0m] Started FUSE filesystem for LXC.
[   27.749222] cloud-init[693]: |    . ..S.    .  |
         Starting LSB: automatic crash report generation...
         Starting LXD - container startup/shutdown...
[   27.783272] cloud-init[693]: |   .  oo..   .   |         Starting Accounts Service...

[   27.797805] cloud-init[693]: |    ..o+.+. .    |
[   27.800016] cloud-init[693]: |     .+.B..+.    |
[   27.808880] cloud-init[693]: |     ..o.+oo.    |
[   27.816723] cloud-init[693]: +----[SHA256]-----+
[   27.819121] cloud-init[693]: Generating public/private ecdsa key pair.
[   27.825191] cloud-init[693]: Your identification has been saved in /etc/ssh/ssh_host_ecdsa_key.
[   27.827589] cloud-init[693]: Your public key has been saved in /etc/ssh/ssh_host_ecdsa_key.pub.
[   27.872382] cloud-init[693]: The key fingerprint is:
[   27.892478] cloud-init[693]: SHA256:YWoumJ467QyGA+0oSaDlXXCoJvS0aNlm8g5U6frfIBY root@ubuntu-bionic
[   27.917975] cloud-init[693]: The key's randomart image is:
[   27.923942] cloud-init[693]: +---[ECDSA 256]---+
[   27.926235] cloud-init[693]: |    o..          |
[   27.928414] cloud-init[693]: | . +.o           |
[[0;32m  OK  [0m] Started Regular background program processing daemon.
[[0;32m  OK  [0m] Started Deferred execution scheduler.
[   27.955811] cloud-init[693]: |o X.. . o        |
         Starting LSB: Record successful boot for GRUB...
[   28.043858] cloud-init[693]: |+XoO . o .       |
[   28.084436] cloud-init[693]: |=+OE. o S        |
[   28.086624] cloud-init[693]: |+* +.o           |
[   28.093717] cloud-init[693]: |BoBo...          |
[   28.108578] cloud-init[693]: |+=o+..o          |
[   28.122915] cloud-init[693]: |.+= .. .         |
[   28.128815] cloud-init[693]: +----[SHA256]-----+
[   28.135349] cloud-init[693]: Generating public/private ed25519 key pair.
[   28.142859] cloud-init[693]: Your identification has been saved in /etc/ssh/ssh_host_ed25519_key.
[   28.161427] cloud-init[693]: Your public key has been saved in /etc/ssh/ssh_host_ed25519_key.pub.
[   28.183624] cloud-init[693]: The key fingerprint is:
         Starting Snappy daemon...
[[0;32m  OK  [0m] Started System Logging Service.
[[0;32m  OK  [0m] Started Dispatcher daemon for systemd-networkd.
[[0;32m  OK  [0m] Started Permit User Sessions.
[   28.233341] cloud-init[693]: SHA256:Rz18x817/FbOyYHIMIPQsQglceVeyYK0pmdDzQ7JpWY root@ubuntu-bionic
[   28.312421] [[0;32m  OK  [0m] Started Login Service.
cloud-init[693]: The key's randomart image is:
[   28.336521] cloud-init[693]: +--[ED25519 256]--+
[   28.352577] cloud-init[693]: |   +o=o+.        |
[   28.355361] cloud-init[693]: |    * %.+ .o   o.|
[   28.377783] cloud-init[693]: |     E B B. + . =|
[   28.400310] cloud-init[693]: |    * + o.= .o.o.|
[   28.403146] cloud-init[693]: |   . + oS .o . o+|
[   28.420409] cloud-init[693]: |    o .  .    .o*|
[   28.422419] cloud-init[693]: |               o=|
[   28.424632] cloud-init[693]: |               . |
[   28.429127] cloud-init[693]: |                 |
[   28.438378] cloud-init[693]: +----[SHA256]-----+
         Starting Authorization Manager...
[[0;32m  OK  [0m] Started Unattended Upgrades Shutdown.
         Starting Terminate Plymouth Boot Screen...
         Starting Hold until boot process finishes up...
[[0;32m  OK  [0m] Started LSB: automatic crash report generation.
[[0;32m  OK  [0m] Started Terminate Plymouth Boot Screen.
[[0;32m  OK  [0m] Started Hold until boot process finishes up.
[[0;32m  OK  [0m] Started Serial Getty on ttyS0.
         Starting Set console scheme...
[[0;32m  OK  [0m] Started Set console scheme.
[[0;32m  OK  [0m] Created slice system-getty.slice.
[[0;32m  OK  [0m] Started Getty on tty1.
[[0;32m  OK  [0m] Reached target Login Prompts.
[[0;32m  OK  [0m] Started LSB: Record successful boot for GRUB.
[[0;32m  OK  [0m] Started Authorization Manager.
[[0;32m  OK  [0m] Started Accounts Service.
[[0;32m  OK  [0m] Started Virtualbox guest utils.
[[0;32m  OK  [0m] Started LXD - container startup/shutdown.
[[0;32m  OK  [0m] Started Pollinate to seed the pseudo random number generator.
         Starting OpenBSD Secure Shell server...
[[0;32m  OK  [0m] Started Snappy daemon.
         Starting Wait until snapd is fully seeded...
[[0;32m  OK  [0m] Started OpenBSD Secure Shell server.
[[0;32m  OK  [0m] Created slice User Slice of vagrant.
         Starting User Manager for UID 1000...
[[0;32m  OK  [0m] Started Session 1 of user vagrant.

Ubuntu 18.04.3 LTS ubuntu-bionic ttyS0

ubuntu-bionic login: [   38.442065] cloud-init[1338]: Cloud-init v. 19.3-41-gc4735dd3-0ubuntu1~18.04.1 running 'modules:config' at Sat, 25 Jan 2020 09:20:45 +0000. Up 35.94 seconds.
ci-info: no authorized ssh keys fingerprints found for user ubuntu.
<14>Jan 25 09:20:48 ec2: 
<14>Jan 25 09:20:48 ec2: #############################################################
<14>Jan 25 09:20:48 ec2: -----BEGIN SSH HOST KEY FINGERPRINTS-----
<14>Jan 25 09:20:48 ec2: 1024 SHA256:i2s5PRmh9uPT5xheRRnINSBAy3yKK1R4JCkstnBs2ZA root@ubuntu-bionic (DSA)
<14>Jan 25 09:20:48 ec2: 256 SHA256:YWoumJ467QyGA+0oSaDlXXCoJvS0aNlm8g5U6frfIBY root@ubuntu-bionic (ECDSA)
<14>Jan 25 09:20:48 ec2: 256 SHA256:Rz18x817/FbOyYHIMIPQsQglceVeyYK0pmdDzQ7JpWY root@ubuntu-bionic (ED25519)
<14>Jan 25 09:20:48 ec2: 2048 SHA256:8zKRe50SGdocn/TwUeURpHcupl/IKFz3Uxv9Ch+hiM8 root@ubuntu-bionic (RSA)
<14>Jan 25 09:20:48 ec2: -----END SSH HOST KEY FINGERPRINTS-----
<14>Jan 25 09:20:48 ec2: #############################################################
-----BEGIN SSH HOST KEY KEYS-----
ecdsa-sha2-nistp256 AAAAE2VjZHNhLXNoYTItbmlzdHAyNTYAAAAIbmlzdHAyNTYAAABBBF9qwSG6Gr2gYrnllabMebMs7Ut2xIAzJLE5UFFveqbQLRXOwPeEpBsGRh5ObLHzOmMkjoc2ZI585gOG8+YV0Eo= root@ubuntu-bionic
ssh-ed25519 AAAAC3NzaC1lZDI1NTE5AAAAILb+P7ZB2XzIiwIvNKr4D/2CbiEcN/BEnVukPT0hZBSK root@ubuntu-bionic
ssh-rsa AAAAB3NzaC1yc2EAAAADAQABAAABAQC+sWv4kz+0Btr96S0AHlEiTIksjfEDnB70bHDqAsnSHO95pW2NkU2WET5TKTPMTM91Dyqke+n8ahkkqYKqKpgHAOwEEPEecok4fIpbwXls22vuNYX/IQQATsD3A6Yhko79Xw9j1kSns26eHwZyt/fL43DuyElO7s7/x5oaRBpVIzxdVLlG0SEhxLNZmjEi2tvuKch9XphY06R+Ls/FBx8DeRVRGtzIElOgKnQd5AiEzZdJUiKkmbCMrn4BWRhiKx2SvU+C/StxPyezCKs7+1DlmMP/bTZW+FII/MKn6oexMz7kDKs2BbsI3H4JOQbur2Mpl9HXhO/9Q0IGpZy6UEI7 root@ubuntu-bionic
-----END SSH HOST KEY KEYS-----
[   39.551413] cloud-init[1468]: Cloud-init v. 19.3-41-gc4735dd3-0ubuntu1~18.04.1 running 'modules:final' at Sat, 25 Jan 2020 09:20:48 +0000. Up 39.27 seconds.
[   39.556127] cloud-init[1468]: ci-info: no authorized ssh keys fingerprints found for user ubuntu.
[   39.559272] cloud-init[1468]: Cloud-init v. 19.3-41-gc4735dd3-0ubuntu1~18.04.1 finished at Sat, 25 Jan 2020 09:20:48 +0000. Datasource DataSourceNoCloud [seed=/dev/sdb][dsmode=net].  Up 39.52 seconds
